<?xml version="1.0" encoding="UTF-8"?>
<!-- Generated by org.testng.reporters.JUnitXMLReporter -->
<testsuite ignored="0" hostname="Aishwarya" failures="0" tests="8" name="E2E" time="132.831" errors="0" timestamp="2024-12-10T20:32:47 GMT">
  <testcase classname="designpatternseleniumjava.tests.E2ETest" name="UITest" time="5.055"/>
  <testcase classname="designpatternseleniumjava.tests.E2ETest" name="oneWay" time="9.991"/>
  <testcase classname="designpatternseleniumjava.tests.E2ETest" name="oneWay" time="9.371"/>
  <testcase classname="designpatternseleniumjava.tests.E2ETest" name="roundTrip" time="9.279"/>
  <testcase classname="designpatternseleniumjava.tests.E2ETest" name="roundTrip" time="9.286"/>
  <testcase classname="designpatternseleniumjava.tests.E2ETest" name="roundTrip" time="10.526"/>
  <testcase classname="designpatternseleniumjava.tests.E2ETest" name="multiTrip" time="36.84"/>
  <testcase classname="designpatternseleniumjava.tests.E2ETest" name="multiTrip" time="36.708"/>
</testsuite> <!-- E2E -->
