<?xml version="1.0" encoding="UTF-8"?>
<!-- Generated by org.testng.reporters.JUnitXMLReporter -->
<testsuite ignored="0" hostname="Aishwarya" failures="0" tests="3" name="RoundTrip" time="40.346" errors="0" timestamp="2024-12-10T20:31:15 GMT">
  <testcase classname="designpatternseleniumjava.tests.RoundTripTest" name="flightTest" time="10.811"/>
  <testcase classname="designpatternseleniumjava.tests.RoundTripTest" name="flightTest" time="9.93"/>
  <testcase classname="designpatternseleniumjava.tests.RoundTripTest" name="flightTest" time="9.296"/>
</testsuite> <!-- RoundTrip -->
