<?xml version="1.0" encoding="UTF-8"?>
<!-- Generated by org.testng.reporters.JUnitXMLReporter -->
<testsuite ignored="8" hostname="Aishwarya" failures="8" tests="12" name="Test" time="17.338" errors="0" timestamp="2024-12-10T18:51:54 GMT">
  <testcase classname="designpatternseleniumjava.tests.MultiTripTest" name="flightTest" time="0.012">
    <failure type="java.lang.NullPointerException" message="Cannot invoke &amp;quot;com.designpatternseleniumjava.pageobjects.TravelHomeApp.setBookingStrategy(String)&amp;quot; because &amp;quot;this.travelApp&amp;quot; is null">
      <![CDATA[java.lang.NullPointerException: Cannot invoke "com.designpatternseleniumjava.pageobjects.TravelHomeApp.setBookingStrategy(String)" because "this.travelApp" is null
at designpatternseleniumjava.tests.MultiTripTest.flightTest(MultiTripTest.java:13)
at java.base/java.util.concurrent.Executors$RunnableAdapter.call(Executors.java:539)
at java.base/java.util.concurrent.FutureTask.run(FutureTask.java:264)
at java.base/java.util.concurrent.ThreadPoolExecutor.runWorker(ThreadPoolExecutor.java:1136)
at java.base/java.util.concurrent.ThreadPoolExecutor$Worker.run(ThreadPoolExecutor.java:635)
at java.base/java.lang.Thread.run(Thread.java:833)
... Removed 13 stack frames]]>
    </failure>
  </testcase> <!-- flightTest -->
  <testcase classname="designpatternseleniumjava.tests.UITest" name="uiTest" time="0.112">
    <failure type="java.lang.NullPointerException" message="Cannot invoke &amp;quot;com.designpatternseleniumjava.pageobjects.TravelHomeApp.getFooterNav()&amp;quot; because &amp;quot;this.travelApp&amp;quot; is null">
      <![CDATA[java.lang.NullPointerException: Cannot invoke "com.designpatternseleniumjava.pageobjects.TravelHomeApp.getFooterNav()" because "this.travelApp" is null
at designpatternseleniumjava.tests.UITest.uiTest(UITest.java:10)
at java.base/java.util.concurrent.Executors$RunnableAdapter.call(Executors.java:539)
at java.base/java.util.concurrent.FutureTask.run(FutureTask.java:264)
at java.base/java.util.concurrent.ThreadPoolExecutor.runWorker(ThreadPoolExecutor.java:1136)
at java.base/java.util.concurrent.ThreadPoolExecutor$Worker.run(ThreadPoolExecutor.java:635)
at java.base/java.lang.Thread.run(Thread.java:833)
... Removed 13 stack frames]]>
    </failure>
  </testcase> <!-- uiTest -->
  <testcase classname="designpatternseleniumjava.tests.RoundTripTest" name="flightTest" time="0.113">
    <failure type="java.lang.NullPointerException" message="Cannot invoke &amp;quot;com.designpatternseleniumjava.pageobjects.TravelHomeApp.setBookingStrategy(String)&amp;quot; because &amp;quot;this.travelApp&amp;quot; is null">
      <![CDATA[java.lang.NullPointerException: Cannot invoke "com.designpatternseleniumjava.pageobjects.TravelHomeApp.setBookingStrategy(String)" because "this.travelApp" is null
at designpatternseleniumjava.tests.RoundTripTest.flightTest(RoundTripTest.java:13)
at java.base/java.util.concurrent.Executors$RunnableAdapter.call(Executors.java:539)
at java.base/java.util.concurrent.FutureTask.run(FutureTask.java:264)
at java.base/java.util.concurrent.ThreadPoolExecutor.runWorker(ThreadPoolExecutor.java:1136)
at java.base/java.util.concurrent.ThreadPoolExecutor$Worker.run(ThreadPoolExecutor.java:635)
at java.base/java.lang.Thread.run(Thread.java:833)
... Removed 13 stack frames]]>
    </failure>
  </testcase> <!-- flightTest -->
  <testcase classname="designpatternseleniumjava.tests.E2ETest" name="UITest" time="0.018">
    <failure type="java.lang.NullPointerException" message="Cannot invoke &amp;quot;com.designpatternseleniumjava.pageobjects.TravelHomeApp.getFooterNav()&amp;quot; because &amp;quot;this.travelApp&amp;quot; is null">
      <![CDATA[java.lang.NullPointerException: Cannot invoke "com.designpatternseleniumjava.pageobjects.TravelHomeApp.getFooterNav()" because "this.travelApp" is null
at designpatternseleniumjava.tests.E2ETest.UITest(E2ETest.java:14)
at java.base/java.util.concurrent.Executors$RunnableAdapter.call(Executors.java:539)
at java.base/java.util.concurrent.FutureTask.run(FutureTask.java:264)
at java.base/java.util.concurrent.ThreadPoolExecutor.runWorker(ThreadPoolExecutor.java:1136)
at java.base/java.util.concurrent.ThreadPoolExecutor$Worker.run(ThreadPoolExecutor.java:635)
at java.base/java.lang.Thread.run(Thread.java:833)
... Removed 13 stack frames]]>
    </failure>
  </testcase> <!-- UITest -->
  <testcase classname="designpatternseleniumjava.tests.RoundTripTest" name="flightTest" time="0.091">
    <failure type="java.lang.NullPointerException" message="Cannot invoke &amp;quot;com.designpatternseleniumjava.pageobjects.TravelHomeApp.setBookingStrategy(String)&amp;quot; because &amp;quot;this.travelApp&amp;quot; is null">
      <![CDATA[java.lang.NullPointerException: Cannot invoke "com.designpatternseleniumjava.pageobjects.TravelHomeApp.setBookingStrategy(String)" because "this.travelApp" is null
at designpatternseleniumjava.tests.RoundTripTest.flightTest(RoundTripTest.java:13)
at java.base/java.util.concurrent.Executors$RunnableAdapter.call(Executors.java:539)
at java.base/java.util.concurrent.FutureTask.run(FutureTask.java:264)
at java.base/java.util.concurrent.ThreadPoolExecutor.runWorker(ThreadPoolExecutor.java:1136)
at java.base/java.util.concurrent.ThreadPoolExecutor$Worker.run(ThreadPoolExecutor.java:635)
at java.base/java.lang.Thread.run(Thread.java:833)
... Removed 13 stack frames]]>
    </failure>
  </testcase> <!-- flightTest -->
  <testcase classname="designpatternseleniumjava.tests.MultiTripTest" name="flightTest" time="0.134">
    <failure type="java.lang.NullPointerException" message="Cannot invoke &amp;quot;com.designpatternseleniumjava.pageobjects.TravelHomeApp.setBookingStrategy(String)&amp;quot; because &amp;quot;this.travelApp&amp;quot; is null">
      <![CDATA[java.lang.NullPointerException: Cannot invoke "com.designpatternseleniumjava.pageobjects.TravelHomeApp.setBookingStrategy(String)" because "this.travelApp" is null
at designpatternseleniumjava.tests.MultiTripTest.flightTest(MultiTripTest.java:13)
at java.base/java.util.concurrent.Executors$RunnableAdapter.call(Executors.java:539)
at java.base/java.util.concurrent.FutureTask.run(FutureTask.java:264)
at java.base/java.util.concurrent.ThreadPoolExecutor.runWorker(ThreadPoolExecutor.java:1136)
at java.base/java.util.concurrent.ThreadPoolExecutor$Worker.run(ThreadPoolExecutor.java:635)
at java.base/java.lang.Thread.run(Thread.java:833)
... Removed 13 stack frames]]>
    </failure>
  </testcase> <!-- flightTest -->
  <testcase classname="designpatternseleniumjava.tests.E2ETest" name="oneWay" time="0.009">
    <failure type="java.lang.NullPointerException" message="Cannot invoke &amp;quot;com.designpatternseleniumjava.pageobjects.TravelHomeApp.setBookingStrategy(String)&amp;quot; because &amp;quot;this.travelApp&amp;quot; is null">
      <![CDATA[java.lang.NullPointerException: Cannot invoke "com.designpatternseleniumjava.pageobjects.TravelHomeApp.setBookingStrategy(String)" because "this.travelApp" is null
at designpatternseleniumjava.tests.E2ETest.oneWay(E2ETest.java:23)
at java.base/java.util.concurrent.Executors$RunnableAdapter.call(Executors.java:539)
at java.base/java.util.concurrent.FutureTask.run(FutureTask.java:264)
at java.base/java.util.concurrent.ThreadPoolExecutor.runWorker(ThreadPoolExecutor.java:1136)
at java.base/java.util.concurrent.ThreadPoolExecutor$Worker.run(ThreadPoolExecutor.java:635)
at java.base/java.lang.Thread.run(Thread.java:833)
... Removed 13 stack frames]]>
    </failure>
  </testcase> <!-- oneWay -->
  <testcase classname="designpatternseleniumjava.tests.E2ETest" name="oneWay" time="0.007">
    <failure type="java.lang.NullPointerException" message="Cannot invoke &amp;quot;com.designpatternseleniumjava.pageobjects.TravelHomeApp.setBookingStrategy(String)&amp;quot; because &amp;quot;this.travelApp&amp;quot; is null">
      <![CDATA[java.lang.NullPointerException: Cannot invoke "com.designpatternseleniumjava.pageobjects.TravelHomeApp.setBookingStrategy(String)" because "this.travelApp" is null
at designpatternseleniumjava.tests.E2ETest.oneWay(E2ETest.java:23)
at java.base/java.util.concurrent.Executors$RunnableAdapter.call(Executors.java:539)
at java.base/java.util.concurrent.FutureTask.run(FutureTask.java:264)
at java.base/java.util.concurrent.ThreadPoolExecutor.runWorker(ThreadPoolExecutor.java:1136)
at java.base/java.util.concurrent.ThreadPoolExecutor$Worker.run(ThreadPoolExecutor.java:635)
at java.base/java.lang.Thread.run(Thread.java:833)
... Removed 13 stack frames]]>
    </failure>
  </testcase> <!-- oneWay -->
  <testcase classname="designpatternseleniumjava.tests.E2ETest" name="roundTrip" time="0.0">
    <skipped/>
  </testcase> <!-- roundTrip -->
  <testcase classname="designpatternseleniumjava.tests.E2ETest" name="multiTrip" time="0.0">
    <skipped/>
  </testcase> <!-- multiTrip -->
  <testcase classname="designpatternseleniumjava.tests.OneWayTest" name="flightTest" time="4.877"/>
  <testcase classname="designpatternseleniumjava.tests.OneWayTest" name="flightTest" time="4.008"/>
  <testcase classname="designpatternseleniumjava.basetests.BaseTest" name="@AfterTest tearDown" time="0.0">
    <ignored/>
  </testcase> <!-- @AfterTest tearDown -->
  <testcase classname="designpatternseleniumjava.basetests.BaseTest" name="@AfterTest tearDown" time="0.0">
    <ignored/>
  </testcase> <!-- @AfterTest tearDown -->
  <testcase classname="designpatternseleniumjava.basetests.BaseTest" name="@BeforeTest setUp" time="0.0">
    <ignored/>
  </testcase> <!-- @BeforeTest setUp -->
  <testcase classname="designpatternseleniumjava.basetests.BaseTest" name="@BeforeTest setUp" time="0.0">
    <ignored/>
  </testcase> <!-- @BeforeTest setUp -->
  <testcase classname="designpatternseleniumjava.basetests.BaseTest" name="@AfterTest tearDown" time="0.0">
    <ignored/>
  </testcase> <!-- @AfterTest tearDown -->
  <testcase classname="designpatternseleniumjava.basetests.BaseTest" name="@BeforeTest setUp" time="0.0">
    <ignored/>
  </testcase> <!-- @BeforeTest setUp -->
  <testcase classname="designpatternseleniumjava.basetests.BaseTest" name="@BeforeTest setUp" time="0.0">
    <ignored/>
  </testcase> <!-- @BeforeTest setUp -->
  <testcase classname="designpatternseleniumjava.basetests.BaseTest" name="@AfterTest tearDown" time="0.0">
    <ignored/>
  </testcase> <!-- @AfterTest tearDown -->
</testsuite> <!-- Test -->
