<?xml version="1.0" encoding="UTF-8"?>
<testng-results ignored="0" total="1" passed="1" failed="0" skipped="0">
  <reporter-output>
  </reporter-output>
  <suite started-at="2024-11-23T23:18:44 GMT" name="Surefire suite" finished-at="2024-11-23T23:18:52 GMT" duration-ms="8679">
    <groups>
    </groups>
    <test started-at="2024-11-23T23:18:44 GMT" name="Surefire test" finished-at="2024-11-23T23:18:52 GMT" duration-ms="8679">
      <class name="DemoTest">
        <test-method signature="flightTest()[pri:0, instance:DemoTest@769e7ee8]" started-at="2024-11-23T23:18:44 GMT" name="flightTest" finished-at="2024-11-23T23:18:52 GMT" duration-ms="8608" status="PASS">
          <reporter-output>
          </reporter-output>
        </test-method> <!-- flightTest -->
      </class> <!-- DemoTest -->
    </test> <!-- Surefire test -->
  </suite> <!-- Surefire suite -->
</testng-results>
