<?xml version="1.0" encoding="UTF-8"?>
<testng-results ignored="0" total="1" passed="1" failed="0" skipped="0">
  <reporter-output>
  </reporter-output>
  <suite started-at="2024-11-28T00:15:52 GMT" name="Default suite" finished-at="2024-11-28T00:16:50 GMT" duration-ms="58060">
    <groups>
    </groups>
    <test started-at="2024-11-28T00:15:52 GMT" name="Default test" finished-at="2024-11-28T00:16:50 GMT" duration-ms="58060">
      <class name="designpatternseleniumjava.tests.DemoTest">
        <test-method signature="flightTest()[pri:0, instance:designpatternseleniumjava.tests.DemoTest@53aac487]" started-at="2024-11-28T00:15:52 GMT" name="flightTest" finished-at="2024-11-28T00:16:50 GMT" duration-ms="57990" status="PASS">
          <reporter-output>
          </reporter-output>
        </test-method> <!-- flightTest -->
      </class> <!-- designpatternseleniumjava.tests.DemoTest -->
    </test> <!-- Default test -->
  </suite> <!-- Default suite -->
</testng-results>
